[0.007s] Invoking command in '/home/aokilab/lab/lsl_ws/build/lsl': CMAKE_PREFIX_PATH=/opt/ros/humble /usr/bin/cmake /home/aokilab/lab/lsl_ws/src/lsl -DCMAKE_INSTALL_PREFIX=/home/aokilab/lab/lsl_ws/install/lsl
[0.020s] -- Found ament_cmake: 1.3.12 (/opt/ros/humble/share/ament_cmake/cmake)
[0.141s] -- Override CMake install command with custom implementation using symlinks instead of copying resources
[0.144s] -- Found rclcpp: 16.0.15 (/opt/ros/humble/share/rclcpp/cmake)
[0.160s] -- Found rosidl_generator_c: 3.1.7 (/opt/ros/humble/share/rosidl_generator_c/cmake)
[0.161s] -- Found rosidl_adapter: 3.1.7 (/opt/ros/humble/share/rosidl_adapter/cmake)
[0.165s] -- Found rosidl_generator_cpp: 3.1.7 (/opt/ros/humble/share/rosidl_generator_cpp/cmake)
[0.170s] -- Using all available rosidl_typesupport_c: rosidl_typesupport_fastrtps_c;rosidl_typesupport_introspection_c
[0.177s] -- Using all available rosidl_typesupport_cpp: rosidl_typesupport_fastrtps_cpp;rosidl_typesupport_introspection_cpp
[0.196s] -- Found rmw_implementation_cmake: 6.1.2 (/opt/ros/humble/share/rmw_implementation_cmake/cmake)
[0.197s] -- Found rmw_fastrtps_cpp: 6.2.8 (/opt/ros/humble/share/rmw_fastrtps_cpp/cmake)
[0.267s] -- Using RMW implementation 'rmw_fastrtps_cpp' as default
[0.299s] -- Found rosidl_default_generators: 1.2.0 (/opt/ros/humble/share/rosidl_default_generators/cmake)
[0.555s] -- Found ament_cmake_ros: 0.10.0 (/opt/ros/humble/share/ament_cmake_ros/cmake)
[1.022s] -- Using all available rosidl_typesupport_c: rosidl_typesupport_fastrtps_c;rosidl_typesupport_introspection_c
[1.208s] -- Using all available rosidl_typesupport_cpp: rosidl_typesupport_fastrtps_cpp;rosidl_typesupport_introspection_cpp
[1.210s] [33mCMake Warning (dev) at /opt/ros/humble/share/rosidl_generator_py/cmake/rosidl_generator_py_generate_interfaces.cmake:20 (find_package):
[1.210s]   Policy CMP0148 is not set: The FindPythonInterp and FindPythonLibs modules
[1.210s]   are removed.  Run "cmake --help-policy CMP0148" for policy details.  Use
[1.210s]   the cmake_policy command to set the policy and suppress this warning.
[1.210s] 
[1.210s] Call Stack (most recent call first):
[1.210s]   /opt/ros/humble/share/ament_cmake_core/cmake/core/ament_execute_extensions.cmake:48 (include)
[1.210s]   /opt/ros/humble/share/rosidl_cmake/cmake/rosidl_generate_interfaces.cmake:286 (ament_execute_extensions)
[1.210s]   CMakeLists.txt:11 (rosidl_generate_interfaces)
[1.210s] This warning is for project developers.  Use -Wno-dev to suppress it.
[1.210s] [0m
[1.227s] -- Found python_cmake_module: 0.10.0 (/opt/ros/humble/share/python_cmake_module/cmake)
[1.227s] [33mCMake Warning (dev) at /opt/ros/humble/share/python_cmake_module/cmake/Modules/FindPythonExtra.cmake:52 (find_package):
[1.227s]   Policy CMP0148 is not set: The FindPythonInterp and FindPythonLibs modules
[1.227s]   are removed.  Run "cmake --help-policy CMP0148" for policy details.  Use
[1.227s]   the cmake_policy command to set the policy and suppress this warning.
[1.227s] 
[1.227s] Call Stack (most recent call first):
[1.227s]   /opt/ros/humble/share/rosidl_generator_py/cmake/rosidl_generator_py_generate_interfaces.cmake:23 (find_package)
[1.227s]   /opt/ros/humble/share/ament_cmake_core/cmake/core/ament_execute_extensions.cmake:48 (include)
[1.227s]   /opt/ros/humble/share/rosidl_cmake/cmake/rosidl_generate_interfaces.cmake:286 (ament_execute_extensions)
[1.227s]   CMakeLists.txt:11 (rosidl_generate_interfaces)
[1.227s] This warning is for project developers.  Use -Wno-dev to suppress it.
[1.227s] [0m
[1.241s] [33mCMake Warning (dev) at /opt/ros/humble/share/python_cmake_module/cmake/Modules/FindPythonExtra.cmake:140 (find_package):
[1.241s]   Policy CMP0148 is not set: The FindPythonInterp and FindPythonLibs modules
[1.241s]   are removed.  Run "cmake --help-policy CMP0148" for policy details.  Use
[1.241s]   the cmake_policy command to set the policy and suppress this warning.
[1.241s] 
[1.241s] Call Stack (most recent call first):
[1.241s]   /opt/ros/humble/share/rosidl_generator_py/cmake/rosidl_generator_py_generate_interfaces.cmake:23 (find_package)
[1.241s]   /opt/ros/humble/share/ament_cmake_core/cmake/core/ament_execute_extensions.cmake:48 (include)
[1.241s]   /opt/ros/humble/share/rosidl_cmake/cmake/rosidl_generate_interfaces.cmake:286 (ament_execute_extensions)
[1.241s]   CMakeLists.txt:11 (rosidl_generate_interfaces)
[1.241s] This warning is for project developers.  Use -Wno-dev to suppress it.
[1.241s] [0m
[1.242s] -- Using PYTHON_EXECUTABLE: /usr/bin/python3
[1.242s] -- Using PYTHON_INCLUDE_DIRS: /usr/include/python3.10
[1.242s] -- Using PYTHON_LIBRARIES: /usr/lib/x86_64-linux-gnu/libpython3.10.so
[1.260s] -- Configuring done (1.2s)
[1.282s] -- Generating done (0.0s)
[1.287s] -- Build files have been written to: /home/aokilab/lab/lsl_ws/build/lsl
[1.292s] Invoked command in '/home/aokilab/lab/lsl_ws/build/lsl' returned '0': CMAKE_PREFIX_PATH=/opt/ros/humble /usr/bin/cmake /home/aokilab/lab/lsl_ws/src/lsl -DCMAKE_INSTALL_PREFIX=/home/aokilab/lab/lsl_ws/install/lsl
[1.294s] Invoking command in '/home/aokilab/lab/lsl_ws/build/lsl': CMAKE_PREFIX_PATH=/opt/ros/humble /usr/bin/cmake --build /home/aokilab/lab/lsl_ws/build/lsl -- -j22 -l22
[1.320s] [  2%] Built target lsl__cpp
[1.321s] [  2%] Built target ament_cmake_python_symlink_lsl
[1.321s] [ 11%] Built target lsl__rosidl_generator_c
[1.330s] [ 25%] Built target lsl__rosidl_typesupport_cpp
[1.330s] [ 28%] Built target lsl__rosidl_typesupport_introspection_cpp
[1.331s] [ 37%] Built target lsl__rosidl_typesupport_fastrtps_c
[1.331s] [ 48%] Built target lsl__rosidl_typesupport_introspection_c
[1.331s] [ 54%] Built target lsl__rosidl_typesupport_fastrtps_cpp
[1.332s] [ 62%] Built target lsl__rosidl_typesupport_c
[1.337s] [ 65%] [32mBuilding CXX object CMakeFiles/EEG_Stream_to_ROS.dir/src/EEG_Stream_to_ROS.cpp.o[0m
[1.340s] [ 65%] Built target lsl
[1.341s] [ 71%] Built target lsl_node
[1.347s] [ 74%] [1m[34mGenerating Python code for ROS interfaces[0m
[1.433s] [01m[K/home/aokilab/lab/lsl_ws/src/lsl/src/EEG_Stream_to_ROS.cpp:3:10:[m[K [01;31m[Kfatal error: [m[Klsl/msg/eeg.hpp: „Åù„ÅÆ„Çà„ÅÜ„Å™„Éï„Ç°„Ç§„É´„ÇÑ„Éá„Ç£„É¨„ÇØ„Éà„É™„ÅØ„ÅÇ„Çä„Åæ„Åõ„Çì
[1.433s]     3 | #include [01;31m[K"lsl/msg/eeg.hpp"[m[K  // ÁîüÊàê„Åï„Çå„Çã„É°„ÉÉ„Çª„Éº„Ç∏
[1.433s]       |          [01;31m[K^~~~~~~~~~~~~~~~~[m[K
[1.433s] compilation terminated.
[1.435s] gmake[2]: *** [CMakeFiles/EEG_Stream_to_ROS.dir/build.make:79: CMakeFiles/EEG_Stream_to_ROS.dir/src/EEG_Stream_to_ROS.cpp.o] „Ç®„É©„Éº 1
[1.436s] gmake[1]: *** [CMakeFiles/Makefile2:763: CMakeFiles/EEG_Stream_to_ROS.dir/all] „Ç®„É©„Éº 2
[1.436s] gmake[1]: *** Êú™ÂÆå‰∫Ü„ÅÆ„Ç∏„Éß„Éñ„ÇíÂæÖ„Å£„Å¶„ÅÑ„Åæ„Åô....
[1.462s] running egg_info
[1.462s] writing lsl.egg-info/PKG-INFO
[1.462s] writing dependency_links to lsl.egg-info/dependency_links.txt
[1.462s] writing top-level names to lsl.egg-info/top_level.txt
[1.463s] reading manifest file 'lsl.egg-info/SOURCES.txt'
[1.464s] writing manifest file 'lsl.egg-info/SOURCES.txt'
[1.477s] [ 74%] Built target ament_cmake_python_build_lsl_egg
[1.503s] [ 74%] Built target lsl__py
[1.504s] gmake: *** [Makefile:146: all] „Ç®„É©„Éº 2
[1.505s] Invoked command in '/home/aokilab/lab/lsl_ws/build/lsl' returned '2': CMAKE_PREFIX_PATH=/opt/ros/humble /usr/bin/cmake --build /home/aokilab/lab/lsl_ws/build/lsl -- -j22 -l22
